[2024-01-08 03:47:14,236][flwr][INFO] - Starting Flower simulation, config: ServerConfig(num_rounds=10, round_timeout=None)
[2024-01-08 03:47:18,420][flwr][INFO] - Flower VCE: Ray initialized with resources: {'node:__internal_head__': 1.0, 'memory': 4078895924.0, 'node:127.0.0.1': 1.0, 'object_store_memory': 2039447961.0, 'accelerator_type:G': 1.0, 'CPU': 16.0, 'GPU': 1.0}
[2024-01-08 03:47:18,420][flwr][INFO] - Optimize your simulation with Flower VCE: https://flower.dev/docs/framework/how-to-run-simulations.html
[2024-01-08 03:47:18,420][flwr][INFO] - Flower VCE: Resources for each Virtual Client: {'num_cpus': 2, 'num_gpus': 0.0}
[2024-01-08 03:47:18,429][flwr][INFO] - Flower VCE: Creating VirtualClientEngineActorPool with 8 actors
[2024-01-08 03:47:18,430][flwr][INFO] - Initializing global parameters
[2024-01-08 03:47:18,430][flwr][INFO] - Requesting initial parameters from one random client
[2024-01-08 03:47:22,337][flwr][INFO] - Received initial parameters from one random client
[2024-01-08 03:47:22,338][flwr][INFO] - Evaluating initial parameters
[2024-01-08 03:47:24,331][flwr][INFO] - initial parameters (loss, other metrics): 182.32551336288452, {'accuracy': 0.1042}
[2024-01-08 03:47:24,331][flwr][INFO] - FL starting
[2024-01-08 03:47:24,331][flwr][DEBUG] - fit_round 1: strategy sampled 10 clients (out of 100)
[2024-01-08 03:47:42,624][flwr][DEBUG] - fit_round 1 received 10 results and 0 failures
[2024-01-08 03:47:42,635][flwr][WARNING] - No fit_metrics_aggregation_fn provided
[2024-01-08 03:47:44,645][flwr][INFO] - fit progress: (1, 177.3629424571991, {'accuracy': 0.1553}, 20.314222000015434)
[2024-01-08 03:47:44,646][flwr][INFO] - evaluate_round 1: no clients selected, cancel
[2024-01-08 03:47:44,646][flwr][DEBUG] - fit_round 2: strategy sampled 10 clients (out of 100)
[2024-01-08 03:47:58,376][flwr][DEBUG] - fit_round 2 received 10 results and 0 failures
[2024-01-08 03:48:00,411][flwr][INFO] - fit progress: (2, 147.0020045042038, {'accuracy': 0.6021}, 36.07925170002272)
[2024-01-08 03:48:00,411][flwr][INFO] - evaluate_round 2: no clients selected, cancel
[2024-01-08 03:48:00,412][flwr][DEBUG] - fit_round 3: strategy sampled 10 clients (out of 100)
[2024-01-08 03:48:14,884][flwr][DEBUG] - fit_round 3 received 10 results and 0 failures
[2024-01-08 03:48:16,928][flwr][INFO] - fit progress: (3, 60.75348588824272, {'accuracy': 0.7725}, 52.59616630000528)
[2024-01-08 03:48:16,928][flwr][INFO] - evaluate_round 3: no clients selected, cancel
[2024-01-08 03:48:16,928][flwr][DEBUG] - fit_round 4: strategy sampled 10 clients (out of 100)
[2024-01-08 03:48:31,088][flwr][DEBUG] - fit_round 4 received 10 results and 0 failures
[2024-01-08 03:48:33,153][flwr][INFO] - fit progress: (4, 43.43672049045563, {'accuracy': 0.8568}, 68.82167440000921)
[2024-01-08 03:48:33,154][flwr][INFO] - evaluate_round 4: no clients selected, cancel
[2024-01-08 03:48:33,154][flwr][DEBUG] - fit_round 5: strategy sampled 10 clients (out of 100)
[2024-01-08 03:48:47,238][flwr][DEBUG] - fit_round 5 received 10 results and 0 failures
[2024-01-08 03:48:49,153][flwr][INFO] - fit progress: (5, 30.478951193392277, {'accuracy': 0.8923}, 84.82193370000459)
[2024-01-08 03:48:49,153][flwr][INFO] - evaluate_round 5: no clients selected, cancel
[2024-01-08 03:48:49,153][flwr][DEBUG] - fit_round 6: strategy sampled 10 clients (out of 100)
[2024-01-08 03:49:02,592][flwr][DEBUG] - fit_round 6 received 10 results and 0 failures
[2024-01-08 03:49:04,534][flwr][INFO] - fit progress: (6, 24.53772545605898, {'accuracy': 0.9113}, 100.20270270004403)
[2024-01-08 03:49:04,535][flwr][INFO] - evaluate_round 6: no clients selected, cancel
[2024-01-08 03:49:04,535][flwr][DEBUG] - fit_round 7: strategy sampled 10 clients (out of 100)
[2024-01-08 03:49:19,824][flwr][DEBUG] - fit_round 7 received 10 results and 0 failures
[2024-01-08 03:49:21,729][flwr][INFO] - fit progress: (7, 19.500475788488984, {'accuracy': 0.9282}, 117.39750490000006)
[2024-01-08 03:49:21,729][flwr][INFO] - evaluate_round 7: no clients selected, cancel
[2024-01-08 03:49:21,729][flwr][DEBUG] - fit_round 8: strategy sampled 10 clients (out of 100)
[2024-01-08 03:49:36,020][flwr][DEBUG] - fit_round 8 received 10 results and 0 failures
[2024-01-08 03:49:38,021][flwr][INFO] - fit progress: (8, 16.935466423630714, {'accuracy': 0.9353}, 133.68998750002356)
[2024-01-08 03:49:38,022][flwr][INFO] - evaluate_round 8: no clients selected, cancel
[2024-01-08 03:49:38,022][flwr][DEBUG] - fit_round 9: strategy sampled 10 clients (out of 100)
[2024-01-08 03:49:53,122][flwr][DEBUG] - fit_round 9 received 10 results and 0 failures
[2024-01-08 03:49:55,156][flwr][INFO] - fit progress: (9, 14.625433441251516, {'accuracy': 0.9433}, 150.82412669999758)
[2024-01-08 03:49:55,156][flwr][INFO] - evaluate_round 9: no clients selected, cancel
[2024-01-08 03:49:55,157][flwr][DEBUG] - fit_round 10: strategy sampled 10 clients (out of 100)
[2024-01-08 03:50:10,260][flwr][DEBUG] - fit_round 10 received 10 results and 0 failures
[2024-01-08 03:50:12,354][flwr][INFO] - fit progress: (10, 13.290024746209383, {'accuracy': 0.9488}, 168.02202700002817)
[2024-01-08 03:50:12,355][flwr][INFO] - evaluate_round 10: no clients selected, cancel
[2024-01-08 03:50:12,355][flwr][INFO] - FL finished in 168.0227074000286
[2024-01-08 03:50:12,357][flwr][INFO] - app_fit: losses_distributed []
[2024-01-08 03:50:12,358][flwr][INFO] - app_fit: metrics_distributed_fit {}
[2024-01-08 03:50:12,358][flwr][INFO] - app_fit: metrics_distributed {}
[2024-01-08 03:50:12,358][flwr][INFO] - app_fit: losses_centralized [(0, 182.32551336288452), (1, 177.3629424571991), (2, 147.0020045042038), (3, 60.75348588824272), (4, 43.43672049045563), (5, 30.478951193392277), (6, 24.53772545605898), (7, 19.500475788488984), (8, 16.935466423630714), (9, 14.625433441251516), (10, 13.290024746209383)]
[2024-01-08 03:50:12,359][flwr][INFO] - app_fit: metrics_centralized {'accuracy': [(0, 0.1042), (1, 0.1553), (2, 0.6021), (3, 0.7725), (4, 0.8568), (5, 0.8923), (6, 0.9113), (7, 0.9282), (8, 0.9353), (9, 0.9433), (10, 0.9488)]}
